nohup: ignoring input
Variant: mlp_feat | Device: cuda
[BodyFitDataset] loaded 90514 valid samples from cache
Train: 81462 | Val: 9052
Epoch   1/30 | train NLL 437.6074 | val NLL -205.0121
  → saved best (val_nll=-205.0121)
Epoch   2/30 | train NLL 1343.1603 | val NLL -646.7216
  → saved best (val_nll=-646.7216)
Epoch   3/30 | train NLL -459.8137 | val NLL -766.4178
  → saved best (val_nll=-766.4178)
Epoch   4/30 | train NLL -403.6202 | val NLL 1262.1539
Epoch   5/30 | train NLL 6462.3658 | val NLL -720.6051
Epoch   6/30 | train NLL -816.0304 | val NLL -760.2918
Epoch   7/30 | train NLL 4578.1118 | val NLL -899.0001
  → saved best (val_nll=-899.0001)
Epoch   8/30 | train NLL -816.2910 | val NLL -851.3029
Epoch   9/30 | train NLL 44640.5685 | val NLL -885.7184
Epoch  10/30 | train NLL -948.8274 | val NLL -987.1828
  → saved best (val_nll=-987.1828)
Epoch  11/30 | train NLL -218.0764 | val NLL -991.6881
  → saved best (val_nll=-991.6881)
Epoch  12/30 | train NLL -933.6268 | val NLL -1022.1732
  → saved best (val_nll=-1022.1732)
Epoch  13/30 | train NLL -978.1069 | val NLL -1014.9214
Epoch  14/30 | train NLL -1015.0221 | val NLL -648.2757
Epoch  15/30 | train NLL 24725.6870 | val NLL -1027.0017
  → saved best (val_nll=-1027.0017)
Epoch  16/30 | train NLL -1039.3581 | val NLL -1061.1551
  → saved best (val_nll=-1061.1551)
Epoch  17/30 | train NLL -1090.1528 | val NLL -1062.7199
  → saved best (val_nll=-1062.7199)
Epoch  18/30 | train NLL -1107.8723 | val NLL -1120.5987
  → saved best (val_nll=-1120.5987)
Epoch  19/30 | train NLL -1135.0537 | val NLL -1151.8158
  → saved best (val_nll=-1151.8158)
Epoch  20/30 | train NLL -104.6431 | val NLL -1114.2457
Epoch  21/30 | train NLL -1136.1882 | val NLL -1153.4100
  → saved best (val_nll=-1153.4100)
Epoch  22/30 | train NLL -1176.5531 | val NLL -1192.4898
  → saved best (val_nll=-1192.4898)
Epoch  23/30 | train NLL -1197.0335 | val NLL -1202.4642
  → saved best (val_nll=-1202.4642)
Epoch  24/30 | train NLL -1155.9729 | val NLL -1218.8990
  → saved best (val_nll=-1218.8990)
Epoch  25/30 | train NLL -1226.8174 | val NLL -1231.2137
  → saved best (val_nll=-1231.2137)
Epoch  26/30 | train NLL -1245.0332 | val NLL -1255.3221
  → saved best (val_nll=-1255.3221)
Epoch  27/30 | train NLL -1260.8120 | val NLL -1266.3505
  → saved best (val_nll=-1266.3505)
Epoch  28/30 | train NLL -1269.5697 | val NLL -1277.3749
  → saved best (val_nll=-1277.3749)
Epoch  29/30 | train NLL -1277.7452 | val NLL -1282.2846
  → saved best (val_nll=-1282.2846)
Epoch  30/30 | train NLL -1281.4438 | val NLL -1284.1271
  → saved best (val_nll=-1284.1271)
Done. Checkpoint: /home/work/body_fit/checkpoints/mlp_feat/best.pt
Variant: cluster_cond | Device: cuda
[BodyFitDataset] loaded 90514 valid samples from cache
Train: 81462 | Val: 9052
ClusterBodyEncoder fitted with 10 clusters
Epoch   1/30 | train NLL -518.1495 | val NLL -646.2901
  → saved best (val_nll=-646.2901)
Epoch   2/30 | train NLL -717.5658 | val NLL -776.4008
  → saved best (val_nll=-776.4008)
Epoch   3/30 | train NLL -822.5400 | val NLL -862.1733
  → saved best (val_nll=-862.1733)
Epoch   4/30 | train NLL -896.3108 | val NLL -931.2003
  → saved best (val_nll=-931.2003)
Epoch   5/30 | train NLL -947.5780 | val NLL -988.5583
  → saved best (val_nll=-988.5583)
Epoch   6/30 | train NLL -989.7463 | val NLL -1010.4954
  → saved best (val_nll=-1010.4954)
Epoch   7/30 | train NLL -1017.2377 | val NLL -1032.7607
  → saved best (val_nll=-1032.7607)
Epoch   8/30 | train NLL -1041.0459 | val NLL -1052.2959
  → saved best (val_nll=-1052.2959)
Epoch   9/30 | train NLL -1059.5192 | val NLL -1076.8279
  → saved best (val_nll=-1076.8279)
Epoch  10/30 | train NLL -1077.8678 | val NLL -1050.5467
Epoch  11/30 | train NLL -1092.3212 | val NLL -1077.2582
  → saved best (val_nll=-1077.2582)
Epoch  12/30 | train NLL -1102.2979 | val NLL -1116.1415
  → saved best (val_nll=-1116.1415)
Epoch  13/30 | train NLL -1116.9338 | val NLL -1117.9253
  → saved best (val_nll=-1117.9253)
Epoch  14/30 | train NLL -1128.5780 | val NLL -1124.9229
  → saved best (val_nll=-1124.9229)
Epoch  15/30 | train NLL -1140.8007 | val NLL -1114.2059
Epoch  16/30 | train NLL -1152.9105 | val NLL -1139.9616
  → saved best (val_nll=-1139.9616)
Epoch  17/30 | train NLL -1167.2749 | val NLL -1160.3184
  → saved best (val_nll=-1160.3184)
Epoch  18/30 | train NLL -1178.2540 | val NLL -1208.5709
  → saved best (val_nll=-1208.5709)
Epoch  19/30 | train NLL -1199.3747 | val NLL -1214.5920
  → saved best (val_nll=-1214.5920)
Epoch  20/30 | train NLL -1213.0384 | val NLL -1215.2857
  → saved best (val_nll=-1215.2857)
Epoch  21/30 | train NLL -1233.1137 | val NLL -1234.1208
  → saved best (val_nll=-1234.1208)
Epoch  22/30 | train NLL -1250.8511 | val NLL -1235.4256
  → saved best (val_nll=-1235.4256)
Epoch  23/30 | train NLL -1266.8712 | val NLL -1272.0861
  → saved best (val_nll=-1272.0861)
Epoch  24/30 | train NLL -1285.2788 | val NLL -1284.2981
  → saved best (val_nll=-1284.2981)
Epoch  25/30 | train NLL -1304.8916 | val NLL -1318.7397
  → saved best (val_nll=-1318.7397)
Epoch  26/30 | train NLL -1319.8678 | val NLL -1316.7473
Epoch  27/30 | train NLL -1330.7637 | val NLL -1334.3273
  → saved best (val_nll=-1334.3273)
Epoch  28/30 | train NLL -1338.4131 | val NLL -1340.4559
  → saved best (val_nll=-1340.4559)
Epoch  29/30 | train NLL -1341.4208 | val NLL -1327.4067
Epoch  30/30 | train NLL -1344.7469 | val NLL -1332.0768
Done. Checkpoint: /home/work/body_fit/checkpoints/cluster_cond/best.pt
Device: cuda

=== 학습: squat ===
[BodyFitDataset] loaded 11250 valid samples from cache
Train: 10125 | Val: 1125
Body stats — mean: [0.941 0.93  0.782 1.656 0.289 0.016 0.31 ]
Epoch   1/30 | train NLL -316.5599 | val NLL -562.5780
  → saved best checkpoint (val_nll=-562.5780)
Epoch   2/30 | train NLL -593.8576 | val NLL -587.9542
  → saved best checkpoint (val_nll=-587.9542)
Epoch   3/30 | train NLL -633.7233 | val NLL -653.6747
  → saved best checkpoint (val_nll=-653.6747)
Epoch   4/30 | train NLL -664.8753 | val NLL -671.5813
  → saved best checkpoint (val_nll=-671.5813)
Epoch   5/30 | train NLL -681.4681 | val NLL -689.6592
  → saved best checkpoint (val_nll=-689.6592)
Epoch   6/30 | train NLL -697.1378 | val NLL -706.6031
  → saved best checkpoint (val_nll=-706.6031)
Epoch   7/30 | train NLL -713.5181 | val NLL -721.3877
  → saved best checkpoint (val_nll=-721.3877)
Epoch   8/30 | train NLL -730.1062 | val NLL -737.3728
  → saved best checkpoint (val_nll=-737.3728)
Epoch   9/30 | train NLL -748.8462 | val NLL -760.8875
  → saved best checkpoint (val_nll=-760.8875)
Epoch  10/30 | train NLL -768.7734 | val NLL -773.7574
  → saved best checkpoint (val_nll=-773.7574)
Epoch  11/30 | train NLL -783.2731 | val NLL -790.1493
  → saved best checkpoint (val_nll=-790.1493)
Epoch  12/30 | train NLL -802.7863 | val NLL -810.7881
  → saved best checkpoint (val_nll=-810.7881)
Epoch  13/30 | train NLL -816.2824 | val NLL -822.7762
  → saved best checkpoint (val_nll=-822.7762)
Epoch  14/30 | train NLL -829.0372 | val NLL -834.4931
  → saved best checkpoint (val_nll=-834.4931)
Epoch  15/30 | train NLL -843.8880 | val NLL -850.3063
  → saved best checkpoint (val_nll=-850.3063)
Epoch  16/30 | train NLL -856.4675 | val NLL -861.9482
  → saved best checkpoint (val_nll=-861.9482)
Epoch  17/30 | train NLL -868.2878 | val NLL -871.9619
  → saved best checkpoint (val_nll=-871.9619)
Epoch  18/30 | train NLL -878.1980 | val NLL -884.3871
  → saved best checkpoint (val_nll=-884.3871)
Epoch  19/30 | train NLL -888.2513 | val NLL -891.6189
  → saved best checkpoint (val_nll=-891.6189)
Epoch  20/30 | train NLL -898.1006 | val NLL -901.7856
  → saved best checkpoint (val_nll=-901.7856)
Epoch  21/30 | train NLL -905.0128 | val NLL -908.8894
  → saved best checkpoint (val_nll=-908.8894)
Epoch  22/30 | train NLL -913.2677 | val NLL -916.5269
  → saved best checkpoint (val_nll=-916.5269)
Epoch  23/30 | train NLL -920.0643 | val NLL -922.6479
  → saved best checkpoint (val_nll=-922.6479)
Epoch  24/30 | train NLL -926.3415 | val NLL -928.8938
  → saved best checkpoint (val_nll=-928.8938)
Epoch  25/30 | train NLL -931.9265 | val NLL -934.0900
  → saved best checkpoint (val_nll=-934.0900)
Epoch  26/30 | train NLL -936.5999 | val NLL -938.2213
  → saved best checkpoint (val_nll=-938.2213)
Epoch  27/30 | train NLL -940.2688 | val NLL -941.4438
  → saved best checkpoint (val_nll=-941.4438)
Epoch  28/30 | train NLL -942.8774 | val NLL -943.5686
  → saved best checkpoint (val_nll=-943.5686)
Epoch  29/30 | train NLL -944.4377 | val NLL -944.6186
  → saved best checkpoint (val_nll=-944.6186)
Epoch  30/30 | train NLL -945.1280 | val NLL -944.9378
  → saved best checkpoint (val_nll=-944.9378)
Done. Curve saved to results/bc_stnf_squat_train_curve.png

=== 학습: bench ===
[BodyFitDataset] loaded 38489 valid samples from cache
Train: 34640 | Val: 3849
Body stats — mean: [1.118 0.918 1.018 1.678 0.482 0.013 0.815]
Epoch   1/30 | train NLL -387.1167 | val NLL -523.7266
  → saved best checkpoint (val_nll=-523.7266)
Epoch   2/30 | train NLL -580.5448 | val NLL -634.5232
  → saved best checkpoint (val_nll=-634.5232)
Epoch   3/30 | train NLL -682.8830 | val NLL -723.2455
  → saved best checkpoint (val_nll=-723.2455)
Epoch   4/30 | train NLL -767.8886 | val NLL -804.5618
  → saved best checkpoint (val_nll=-804.5618)
Epoch   5/30 | train NLL -834.5565 | val NLL -855.0080
  → saved best checkpoint (val_nll=-855.0080)
Epoch   6/30 | train NLL -881.9612 | val NLL -893.7596
  → saved best checkpoint (val_nll=-893.7596)
Epoch   7/30 | train NLL -923.2260 | val NLL -946.8066
  → saved best checkpoint (val_nll=-946.8066)
Epoch   8/30 | train NLL -958.4972 | val NLL -980.4393
  → saved best checkpoint (val_nll=-980.4393)
Epoch   9/30 | train NLL -982.0093 | val NLL -1005.4683
  → saved best checkpoint (val_nll=-1005.4683)
Epoch  10/30 | train NLL -1003.9584 | val NLL -970.9683
Epoch  11/30 | train NLL -1023.2778 | val NLL -1036.7483
  → saved best checkpoint (val_nll=-1036.7483)
Epoch  12/30 | train NLL -1046.1603 | val NLL -1031.1435
Epoch  13/30 | train NLL -1055.0336 | val NLL -1062.3326
  → saved best checkpoint (val_nll=-1062.3326)
Epoch  14/30 | train NLL -1076.3373 | val NLL -1073.5332
  → saved best checkpoint (val_nll=-1073.5332)
Epoch  15/30 | train NLL -1102.2127 | val NLL -1107.6313
  → saved best checkpoint (val_nll=-1107.6313)
Epoch  16/30 | train NLL -1115.2554 | val NLL -1129.4620
  → saved best checkpoint (val_nll=-1129.4620)
Epoch  17/30 | train NLL -1134.5299 | val NLL -1121.6466
Epoch  18/30 | train NLL -1139.9526 | val NLL -1161.9831
  → saved best checkpoint (val_nll=-1161.9831)
Epoch  19/30 | train NLL -1156.1583 | val NLL -1178.6460
  → saved best checkpoint (val_nll=-1178.6460)
Epoch  20/30 | train NLL -1168.3949 | val NLL -1174.8759
Epoch  21/30 | train NLL -1187.1316 | val NLL -1195.6702
  → saved best checkpoint (val_nll=-1195.6702)
Epoch  22/30 | train NLL -1207.6933 | val NLL -1214.6561
  → saved best checkpoint (val_nll=-1214.6561)
Epoch  23/30 | train NLL -1223.0996 | val NLL -1218.3819
  → saved best checkpoint (val_nll=-1218.3819)
Epoch  24/30 | train NLL -1235.9554 | val NLL -1244.2236
  → saved best checkpoint (val_nll=-1244.2236)
Epoch  25/30 | train NLL -1244.2268 | val NLL -1247.4449
  → saved best checkpoint (val_nll=-1247.4449)
Epoch  26/30 | train NLL -1255.7893 | val NLL -1254.9782
  → saved best checkpoint (val_nll=-1254.9782)
Epoch  27/30 | train NLL -1265.0801 | val NLL -1264.6679
  → saved best checkpoint (val_nll=-1264.6679)
Epoch  28/30 | train NLL -1270.7534 | val NLL -1270.2754
  → saved best checkpoint (val_nll=-1270.2754)
Epoch  29/30 | train NLL -1274.6407 | val NLL -1271.2850
  → saved best checkpoint (val_nll=-1271.2850)
Epoch  30/30 | train NLL -1276.1412 | val NLL -1272.0329
  → saved best checkpoint (val_nll=-1272.0329)
Done. Curve saved to results/bc_stnf_bench_train_curve.png

=== 학습: deadlift ===
[BodyFitDataset] loaded 28078 valid samples from cache
Train: 25270 | Val: 2808
Body stats — mean: [0.931 0.707 1.242 1.732 0.333 0.    0.37 ]
Epoch   1/30 | train NLL -455.8882 | val NLL -598.3543
  → saved best checkpoint (val_nll=-598.3543)
Epoch   2/30 | train NLL -638.2112 | val NLL -664.3636
  → saved best checkpoint (val_nll=-664.3636)
Epoch   3/30 | train NLL -681.9631 | val NLL -697.2569
  → saved best checkpoint (val_nll=-697.2569)
Epoch   4/30 | train NLL -722.0920 | val NLL -749.8974
  → saved best checkpoint (val_nll=-749.8974)
Epoch   5/30 | train NLL -771.3082 | val NLL -796.2978
  → saved best checkpoint (val_nll=-796.2978)
Epoch   6/30 | train NLL -818.8135 | val NLL -837.0157
  → saved best checkpoint (val_nll=-837.0157)
Epoch   7/30 | train NLL -858.3905 | val NLL -873.1112
  → saved best checkpoint (val_nll=-873.1112)
Epoch   8/30 | train NLL -890.8853 | val NLL -898.6868
  → saved best checkpoint (val_nll=-898.6868)
Epoch   9/30 | train NLL -918.7606 | val NLL -930.8589
  → saved best checkpoint (val_nll=-930.8589)
Epoch  10/30 | train NLL -941.3961 | val NLL -957.4199
  → saved best checkpoint (val_nll=-957.4199)
Epoch  11/30 | train NLL -965.7335 | val NLL -969.2273
  → saved best checkpoint (val_nll=-969.2273)
Epoch  12/30 | train NLL -989.1797 | val NLL -1001.6719
  → saved best checkpoint (val_nll=-1001.6719)
Epoch  13/30 | train NLL -1004.1787 | val NLL -1011.5401
  → saved best checkpoint (val_nll=-1011.5401)
Epoch  14/30 | train NLL -1026.3000 | val NLL -1039.8964
  → saved best checkpoint (val_nll=-1039.8964)
Epoch  15/30 | train NLL -1042.0721 | val NLL -1047.3292
  → saved best checkpoint (val_nll=-1047.3292)
Epoch  16/30 | train NLL -1061.8538 | val NLL -1069.2142
  → saved best checkpoint (val_nll=-1069.2142)
Epoch  17/30 | train NLL -1079.3066 | val NLL -1082.6025
  → saved best checkpoint (val_nll=-1082.6025)
Epoch  18/30 | train NLL -1090.1303 | val NLL -1102.3514
  → saved best checkpoint (val_nll=-1102.3514)
Epoch  19/30 | train NLL -1107.1912 | val NLL -1118.9959
  → saved best checkpoint (val_nll=-1118.9959)
Epoch  20/30 | train NLL -1122.2208 | val NLL -1119.6484
  → saved best checkpoint (val_nll=-1119.6484)
Epoch  21/30 | train NLL -1135.5046 | val NLL -1138.8682
  → saved best checkpoint (val_nll=-1138.8682)
Epoch  22/30 | train NLL -1147.9150 | val NLL -1155.1388
  → saved best checkpoint (val_nll=-1155.1388)
Epoch  23/30 | train NLL -1160.3971 | val NLL -1164.8610
  → saved best checkpoint (val_nll=-1164.8610)
Epoch  24/30 | train NLL -1170.0027 | val NLL -1173.6058
  → saved best checkpoint (val_nll=-1173.6058)
Epoch  25/30 | train NLL -1178.3233 | val NLL -1181.9225
  → saved best checkpoint (val_nll=-1181.9225)
Epoch  26/30 | train NLL -1185.8327 | val NLL -1187.4108
  → saved best checkpoint (val_nll=-1187.4108)
Epoch  27/30 | train NLL -1191.3105 | val NLL -1192.9682
  → saved best checkpoint (val_nll=-1192.9682)
Epoch  28/30 | train NLL -1195.1747 | val NLL -1195.7758
  → saved best checkpoint (val_nll=-1195.7758)
Epoch  29/30 | train NLL -1197.5517 | val NLL -1197.7431
  → saved best checkpoint (val_nll=-1197.7431)
Epoch  30/30 | train NLL -1198.2855 | val NLL -1198.3081
  → saved best checkpoint (val_nll=-1198.3081)
Done. Curve saved to results/bc_stnf_deadlift_train_curve.png

=== 학습: ohp ===
[BodyFitDataset] loaded 12697 valid samples from cache
Train: 11427 | Val: 1270
Body stats — mean: [1.059 0.783 1.028 1.669 0.352 0.024 0.804]
Epoch   1/30 | train NLL -292.1855 | val NLL -558.4962
  → saved best checkpoint (val_nll=-558.4962)
Epoch   2/30 | train NLL -600.9462 | val NLL -636.2898
  → saved best checkpoint (val_nll=-636.2898)
Epoch   3/30 | train NLL -630.0010 | val NLL -638.0946
  → saved best checkpoint (val_nll=-638.0946)
Epoch   4/30 | train NLL -658.6029 | val NLL -676.7501
  → saved best checkpoint (val_nll=-676.7501)
Epoch   5/30 | train NLL -684.8247 | val NLL -694.6803
  → saved best checkpoint (val_nll=-694.6803)
Epoch   6/30 | train NLL -705.1416 | val NLL -713.2117
  → saved best checkpoint (val_nll=-713.2117)
Epoch   7/30 | train NLL -725.4128 | val NLL -737.5371
  → saved best checkpoint (val_nll=-737.5371)
Epoch   8/30 | train NLL -747.1632 | val NLL -760.0427
  → saved best checkpoint (val_nll=-760.0427)
Epoch   9/30 | train NLL -769.5171 | val NLL -780.3367
  → saved best checkpoint (val_nll=-780.3367)
Epoch  10/30 | train NLL -791.8902 | val NLL -802.5231
  → saved best checkpoint (val_nll=-802.5231)
Epoch  11/30 | train NLL -810.0201 | val NLL -818.5433
  → saved best checkpoint (val_nll=-818.5433)
Epoch  12/30 | train NLL -828.6727 | val NLL -833.6647
  → saved best checkpoint (val_nll=-833.6647)
Epoch  13/30 | train NLL -843.3619 | val NLL -850.4974
  → saved best checkpoint (val_nll=-850.4974)
Epoch  14/30 | train NLL -858.9596 | val NLL -866.8541
  → saved best checkpoint (val_nll=-866.8541)
Epoch  15/30 | train NLL -873.5377 | val NLL -881.1241
  → saved best checkpoint (val_nll=-881.1241)
Epoch  16/30 | train NLL -887.8090 | val NLL -893.9903
  → saved best checkpoint (val_nll=-893.9903)
Epoch  17/30 | train NLL -898.8283 | val NLL -903.9071
  → saved best checkpoint (val_nll=-903.9071)
Epoch  18/30 | train NLL -910.3871 | val NLL -916.2201
  → saved best checkpoint (val_nll=-916.2201)
Epoch  19/30 | train NLL -920.4096 | val NLL -925.0397
  → saved best checkpoint (val_nll=-925.0397)
Epoch  20/30 | train NLL -927.7598 | val NLL -932.0259
  → saved best checkpoint (val_nll=-932.0259)
Epoch  21/30 | train NLL -936.2344 | val NLL -940.7888
  → saved best checkpoint (val_nll=-940.7888)
Epoch  22/30 | train NLL -944.8552 | val NLL -948.7512
  → saved best checkpoint (val_nll=-948.7512)
Epoch  23/30 | train NLL -952.3059 | val NLL -954.8238
  → saved best checkpoint (val_nll=-954.8238)
Epoch  24/30 | train NLL -958.4482 | val NLL -961.1075
  → saved best checkpoint (val_nll=-961.1075)
Epoch  25/30 | train NLL -963.8561 | val NLL -966.1549
  → saved best checkpoint (val_nll=-966.1549)
Epoch  26/30 | train NLL -968.5904 | val NLL -970.4389
  → saved best checkpoint (val_nll=-970.4389)
Epoch  27/30 | train NLL -972.4150 | val NLL -973.7174
  → saved best checkpoint (val_nll=-973.7174)
Epoch  28/30 | train NLL -975.1636 | val NLL -975.9934
  → saved best checkpoint (val_nll=-975.9934)
Epoch  29/30 | train NLL -976.8110 | val NLL -977.1330
  → saved best checkpoint (val_nll=-977.1330)
Epoch  30/30 | train NLL -977.5440 | val NLL -977.4975
  → saved best checkpoint (val_nll=-977.4975)
Done. Curve saved to results/bc_stnf_ohp_train_curve.png
