nohup: ignoring input
Device: cuda
[BodyFitDataset] loaded 90514 valid samples from cache
Train: 81462 | Val: 9052
Body stats — mean: [1.029 0.836 1.06  1.691 0.393 0.01  0.611]
Epoch   1/50 | train 1.9754 (recon 1.7701 kl 0.2054) | val 1.5403 (recon 1.3516 kl 0.1887)
  → saved best checkpoint (val_loss=1.5403)
Epoch   2/50 | train 1.5862 (recon 1.3966 kl 0.1896) | val 1.4330 (recon 1.2481 kl 0.1849)
  → saved best checkpoint (val_loss=1.4330)
Epoch   3/50 | train 1.4809 (recon 1.2882 kl 0.1927) | val 1.3410 (recon 1.1439 kl 0.1971)
  → saved best checkpoint (val_loss=1.3410)
Epoch   4/50 | train 1.3893 (recon 1.1899 kl 0.1994) | val 1.2648 (recon 1.0695 kl 0.1953)
  → saved best checkpoint (val_loss=1.2648)
Epoch   5/50 | train 1.3001 (recon 1.0961 kl 0.2040) | val 1.2515 (recon 1.0349 kl 0.2166)
  → saved best checkpoint (val_loss=1.2515)
Epoch   6/50 | train 1.2191 (recon 1.0084 kl 0.2107) | val 1.2758 (recon 1.0492 kl 0.2266)
Epoch   7/50 | train 1.1464 (recon 0.9297 kl 0.2166) | val 1.0273 (recon 0.8146 kl 0.2128)
  → saved best checkpoint (val_loss=1.0273)
Epoch   8/50 | train 1.0875 (recon 0.8671 kl 0.2205) | val 1.0255 (recon 0.8135 kl 0.2120)
  → saved best checkpoint (val_loss=1.0255)
Epoch   9/50 | train 1.0471 (recon 0.8262 kl 0.2209) | val 1.0066 (recon 0.7906 kl 0.2160)
  → saved best checkpoint (val_loss=1.0066)
Epoch  10/50 | train 1.0212 (recon 0.7998 kl 0.2214) | val 0.9347 (recon 0.7107 kl 0.2241)
  → saved best checkpoint (val_loss=0.9347)
Epoch  11/50 | train 0.9969 (recon 0.7743 kl 0.2226) | val 0.9098 (recon 0.6874 kl 0.2224)
  → saved best checkpoint (val_loss=0.9098)
Epoch  12/50 | train 0.9668 (recon 0.7439 kl 0.2230) | val 0.9419 (recon 0.7073 kl 0.2347)
Epoch  13/50 | train 0.9412 (recon 0.7178 kl 0.2234) | val 0.8864 (recon 0.6744 kl 0.2120)
  → saved best checkpoint (val_loss=0.8864)
Epoch  14/50 | train 0.9294 (recon 0.7059 kl 0.2235) | val 0.8786 (recon 0.6578 kl 0.2207)
  → saved best checkpoint (val_loss=0.8786)
Epoch  15/50 | train 0.9136 (recon 0.6899 kl 0.2238) | val 0.8907 (recon 0.6697 kl 0.2210)
Epoch  16/50 | train 0.9035 (recon 0.6790 kl 0.2246) | val 0.8434 (recon 0.6159 kl 0.2275)
  → saved best checkpoint (val_loss=0.8434)
Epoch  17/50 | train 0.8922 (recon 0.6673 kl 0.2248) | val 0.8391 (recon 0.6154 kl 0.2237)
  → saved best checkpoint (val_loss=0.8391)
Epoch  18/50 | train 0.8797 (recon 0.6542 kl 0.2254) | val 0.8373 (recon 0.6086 kl 0.2287)
  → saved best checkpoint (val_loss=0.8373)
Epoch  19/50 | train 0.8710 (recon 0.6450 kl 0.2259) | val 0.8468 (recon 0.6265 kl 0.2203)
Epoch  20/50 | train 0.8631 (recon 0.6365 kl 0.2266) | val 0.8441 (recon 0.6108 kl 0.2333)
Epoch  21/50 | train 0.8560 (recon 0.6291 kl 0.2269) | val 0.8183 (recon 0.5958 kl 0.2225)
  → saved best checkpoint (val_loss=0.8183)
Epoch  22/50 | train 0.8438 (recon 0.6168 kl 0.2270) | val 0.8135 (recon 0.5931 kl 0.2203)
  → saved best checkpoint (val_loss=0.8135)
Epoch  23/50 | train 0.8370 (recon 0.6097 kl 0.2274) | val 0.8099 (recon 0.5872 kl 0.2227)
  → saved best checkpoint (val_loss=0.8099)
Epoch  24/50 | train 0.8317 (recon 0.6038 kl 0.2279) | val 0.8176 (recon 0.5968 kl 0.2208)
Epoch  25/50 | train 0.8232 (recon 0.5952 kl 0.2279) | val 0.7966 (recon 0.5704 kl 0.2262)
  → saved best checkpoint (val_loss=0.7966)
Epoch  26/50 | train 0.8188 (recon 0.5905 kl 0.2283) | val 0.7891 (recon 0.5604 kl 0.2287)
  → saved best checkpoint (val_loss=0.7891)
Epoch  27/50 | train 0.8126 (recon 0.5836 kl 0.2290) | val 0.7891 (recon 0.5593 kl 0.2298)
Epoch  28/50 | train 0.8047 (recon 0.5752 kl 0.2296) | val 0.7983 (recon 0.5754 kl 0.2229)
Epoch  29/50 | train 0.8006 (recon 0.5703 kl 0.2302) | val 0.7797 (recon 0.5514 kl 0.2283)
  → saved best checkpoint (val_loss=0.7797)
Epoch  30/50 | train 0.7967 (recon 0.5657 kl 0.2309) | val 0.7776 (recon 0.5486 kl 0.2290)
  → saved best checkpoint (val_loss=0.7776)
Epoch  31/50 | train 0.7911 (recon 0.5600 kl 0.2312) | val 0.7756 (recon 0.5415 kl 0.2340)
  → saved best checkpoint (val_loss=0.7756)
Epoch  32/50 | train 0.7868 (recon 0.5552 kl 0.2316) | val 0.7747 (recon 0.5392 kl 0.2355)
  → saved best checkpoint (val_loss=0.7747)
Epoch  33/50 | train 0.7829 (recon 0.5511 kl 0.2318) | val 0.7651 (recon 0.5347 kl 0.2304)
  → saved best checkpoint (val_loss=0.7651)
Epoch  34/50 | train 0.7792 (recon 0.5471 kl 0.2321) | val 0.7625 (recon 0.5306 kl 0.2319)
  → saved best checkpoint (val_loss=0.7625)
Epoch  35/50 | train 0.7751 (recon 0.5427 kl 0.2324) | val 0.7656 (recon 0.5292 kl 0.2364)
Epoch  36/50 | train 0.7723 (recon 0.5398 kl 0.2326) | val 0.7644 (recon 0.5287 kl 0.2357)
Epoch  37/50 | train 0.7693 (recon 0.5364 kl 0.2329) | val 0.7576 (recon 0.5258 kl 0.2318)
  → saved best checkpoint (val_loss=0.7576)
Epoch  38/50 | train 0.7666 (recon 0.5334 kl 0.2331) | val 0.7630 (recon 0.5263 kl 0.2367)
Epoch  39/50 | train 0.7639 (recon 0.5308 kl 0.2331) | val 0.7541 (recon 0.5218 kl 0.2323)
  → saved best checkpoint (val_loss=0.7541)
Epoch  40/50 | train 0.7620 (recon 0.5284 kl 0.2336) | val 0.7524 (recon 0.5198 kl 0.2326)
  → saved best checkpoint (val_loss=0.7524)
Epoch  41/50 | train 0.7599 (recon 0.5263 kl 0.2336) | val 0.7499 (recon 0.5183 kl 0.2316)
  → saved best checkpoint (val_loss=0.7499)
Epoch  42/50 | train 0.7580 (recon 0.5244 kl 0.2336) | val 0.7515 (recon 0.5176 kl 0.2339)
Epoch  43/50 | train 0.7566 (recon 0.5229 kl 0.2337) | val 0.7500 (recon 0.5173 kl 0.2327)
Epoch  44/50 | train 0.7556 (recon 0.5218 kl 0.2338) | val 0.7507 (recon 0.5160 kl 0.2347)
Epoch  45/50 | train 0.7543 (recon 0.5203 kl 0.2340) | val 0.7483 (recon 0.5164 kl 0.2319)
  → saved best checkpoint (val_loss=0.7483)
Epoch  46/50 | train 0.7536 (recon 0.5196 kl 0.2340) | val 0.7485 (recon 0.5146 kl 0.2339)
Epoch  47/50 | train 0.7525 (recon 0.5185 kl 0.2340) | val 0.7484 (recon 0.5147 kl 0.2336)
Epoch  48/50 | train 0.7521 (recon 0.5181 kl 0.2340) | val 0.7483 (recon 0.5143 kl 0.2340)
  → saved best checkpoint (val_loss=0.7483)
Epoch  49/50 | train 0.7516 (recon 0.5177 kl 0.2339) | val 0.7479 (recon 0.5148 kl 0.2331)
  → saved best checkpoint (val_loss=0.7479)
Epoch  50/50 | train 0.7516 (recon 0.5175 kl 0.2341) | val 0.7478 (recon 0.5145 kl 0.2333)
  → saved best checkpoint (val_loss=0.7478)
Done. Curve saved to results/cvae_train_curve.png
