nohup: ignoring input
[squat] 95개 rep 처리 시작
  squat/21ksLeoHL_4_rep19: label=1 confidence=high — 무릎이 내반되고 척추가 중립에서 벗어난 듯 보입니다.
  squat/21ksLeoHL_4_rep33: label=0 confidence=high — 관절 정렬이 양호하고 척추가 중립 상태를 잘 유지하며, 바벨 궤적에도 큰 오류가 없음.
  squat/2t3Ab7a2ZM4_rep00: label=1 confidence=low — 스쿼트 동작 중 무릎 정렬에 문제가 있을 수 있습니다. 특히 무릎이 안쪽으로 모이는 내반 증상 가능성이 보입
  squat/7FF6VLej_bY_rep36: label=1 confidence=low — 고관절과 무릎의 정렬이 바르지 않고 스쿼트 깊이가 충분하지 않습니다.
  squat/7FF6VLej_bY_rep85: label=0 confidence=high — 관절 정렬이 양호하고 척추가 중립을 유지하며, 큰 biomechanical 오류가 없음
  squat/7FF6VLej_bY_rep92: label=1 confidence=high — 무릎이 안쪽으로 모아지고, 허리가 라운딩 되어 있습니다. 바벨 깊이도 부족합니다.
  squat/8q3z94QyW5g_rep11: label=1 confidence=high — 무릎 내반과 허리 라운딩이 관찰됩니다.
  squat/8q3z94QyW5g_rep36: label=0 confidence=high — 관절 정렬이 양호하고 척추가 중립을 유지하며 큰 biomechanical 오류가 없습니다.
  squat/AhfgIM8YWBY_rep15: label=1 confidence=high — 무릎이 발끝을 지나치게 벗어나고 허리 라운딩이 관찰됨.
  squat/GK84GSUGUW4_rep00: label=-1 confidence=low — I'm sorry, I can't assist with that.
  squat/GK84GSUGUW4_rep42: label=0 confidence=high — 관절 정렬이 양호하고 척추가 중립을 유지합니다. 큰 biomechanical 오류가 보이지 않습니다.
  squat/GuWxLb-iYlg_rep07: label=1 confidence=high — 무릎이 내반되었고 허리가 라운딩되었습니다.
  squat/GuWxLb-iYlg_rep100: label=1 confidence=high — 무릎이 안쪽으로 모이는 내반과 척추가 살짝 라운딩 되는 현상이 관찰됨.
  squat/GuWxLb-iYlg_rep48: label=1 confidence=high — 척추 정렬이 중립되지 않고 골반의 움직임이 비정상적입니다.
  squat/GuWxLb-iYlg_rep69: label=1 confidence=high — 무릎이 내반되는 모습과 척추 중립이 유지되지 않는 듯 보입니다.
  squat/GuWxLb-iYlg_rep70: label=1 confidence=low — 무릎이 내반되는 현상과 척추가 중립을 벗어난 것으로 보임.
  squat/GuWxLb-iYlg_rep96: label=0 confidence=high — 관절 정렬과 척추 중립이 잘 유지되고 있으며, 큰 biomechanical 오류가 보이지 않습니다.
  squat/JANvVVsyZJE_rep11: label=1 confidence=high — 머리와 상체가 너무 앞으로 기울여져 있어 척추 중립이 유지되지 않았고, 무릎이 발끝을 지나 과도하게 앞으로 
  squat/JANvVVsyZJE_rep22: label=1 confidence=high — 무릎이 내반되어 있고, 척추가 중립을 유지하지 못하는 것으로 보입니다.
  squat/JANvVVsyZJE_rep40: label=1 confidence=high — 무릎이 내반되는 것으로 보이며, 바벨 궤적이 불안정합니다.
  squat/QKKXd6celO0_rep04: label=1 confidence=high — 몇몇 프레임에서 무릎이 안쪽으로 모이고, 허리가 약간 라운딩된 것으로 보입니다.
  squat/QKKXd6celO0_rep17: label=1 confidence=high — 척추 중립이 유지되지 않고 과도한 굴곡이 발생하여 라운딩 현상이 일부 확인되었습니다.
  squat/QKKXd6celO0_rep41: label=1 confidence=high — 무릎의 움직임에서 내반의 징후가 보이며, 척추의 중립이 유지되지 않고 라운딩된 모습이 관찰됩니다.
  squat/SHgQeBk7zIs_rep24: label=1 confidence=high — 무릎 내반과 허리 라운딩이 관찰됩니다.
  squat/SHgQeBk7zIs_rep32: label=1 confidence=high — 무릎 내반과 허리 라운딩이 관찰됨
  squat/SHgQeBk7zIs_rep36: label=1 confidence=high — 무릎이 내반되는 경향이 있으며, 척추가 중립에서 벗어나 약간 라운딩되어 보입니다.
  squat/SHgQeBk7zIs_rep44: label=1 confidence=high — 무릎의 내반이 보이고, 척추가 라운딩된 것으로 보입니다.
  squat/SHgQeBk7zIs_rep63: label=1 confidence=high — 이미지들에서 밴드 운동 중 어깨와 팔의 정렬이 규정에서 벗어난 것으로 보입니다. 바벨 경로와는 관련이 없어 
  squat/SHgQeBk7zIs_rep68: label=1 confidence=high — 무릎의 내반과 허리의 라운딩이 관찰됩니다.
  squat/SHgQeBk7zIs_rep87: label=1 confidence=low — 팔의 움직임이 비정상적이며, 스쿼트 동작이 아닌 다른 운동을 수행하는 것으로 보입니다.
  squat/SHgQeBk7zIs_rep94: label=1 confidence=high — 무릎이 안쪽으로 모여 있고, 허리가 약간 라운딩된 것으로 보입니다.
  squat/U11z1PmtohU_rep49: label=1 confidence=high — 무릎 내반과 허리 라운딩이 관찰됨.
  squat/U11z1PmtohU_rep52: label=1 confidence=high — 무릎이 내반되고 허리가 라운딩 되는 문제 발생
  squat/W73Mc0Gil9A_rep56: label=1 confidence=high — 무릎이 발가락과 일직선이 아니며 발 안쪽으로 기울어져 있어 부상의 위험이 있음.
  squat/W73Mc0Gil9A_rep74: label=1 confidence=high — 무릎 내반이 관찰되어 biomechanical 오류가 있음.
  squat/YaXPRqUwItQ_rep09: label=1 confidence=low — 이미지는 스쿼트 동작이 아니라 다른 운동 동작을 포함하고 있어 분석이 불가능합니다.
  squat/YaXPRqUwItQ_rep22: label=1 confidence=high — 무릎 내반 현상이 관찰됨.
  squat/YaXPRqUwItQ_rep47: label=0 confidence=high — 관절 정렬이 양호하고 척추 정렬에 큰 문제가 없습니다. 전체적으로 biomechanical 오류가 없습니다.
  squat/dEZR0Mo_f6g_rep00: label=1 confidence=high — 좌측 엉덩이와 허리에서 통증이 표시되고, 척추의 중립이 유지되지 않음.
  squat/e1UYgO67zkw_rep03: label=1 confidence=low — 무릎이 내반되어 있고 척추가 중립 정렬을 벗어났습니다.
  squat/e1UYgO67zkw_rep24: label=1 confidence=high — 무릎이 앞쪽으로 나가며 발끝을 벗어나는 경향이 있고, 스쿼트 깊이가 부족함.
  squat/e1UYgO67zkw_rep25: label=0 confidence=high — 관절 정렬이 양호하고 척추가 중립 상태를 유지함.
  squat/e1UYgO67zkw_rep31: label=0 confidence=high — 관절 정렬이 양호하고 척추가 중립 상태입니다. 큰 biomechanical 오류가 없으며 스쿼트 깊이도 충분
  squat/e1UYgO67zkw_rep35: label=1 confidence=high — 무릎이 내반되는 경향이 있고, 허리가 살짝 라운딩되는 모습이 보임.
  squat/e1UYgO67zkw_rep56: label=0 confidence=high — 관절 정렬이 양호하고 척추 중립이 유지며, 큰 biomechanical 오류가 없어 보입니다.
  squat/e1UYgO67zkw_rep57: label=0 confidence=high — 관절 정렬 양호하며 척추 중립 상태가 유지되고 있어 큰 biomechanical 오류가 없음.
  squat/gcNh17Ckjgg_rep14: label=1 confidence=high — 발의 위치가 다소 불안정하게 움직이고 있으며, 무릎이 바른 방향으로 정렬되지 않아 보입니다.
  squat/gcNh17Ckjgg_rep15: label=1 confidence=low — 왼쪽 발목이 바깥으로 기울어진 상태로 보여 무릎 내반 가능성이 있음.
  squat/gcNh17Ckjgg_rep20: label=1 confidence=high — 바벨 위치가 목에 지나치게 가까우며, 척추 중립이 유지되지 않음. 어깨가 불안정해 보임.
  squat/gcNh17Ckjgg_rep43: label=0 confidence=high — 관절 정렬이 양호하고 척추 중립 상태가 유지되었다. 큰 biomechanical 오류가 없다.
  squat/gcNh17Ckjgg_rep48: label=1 confidence=high — 무릎이 안쪽으로 휘는 내반이 관찰되고 허리가 라운딩되어 척추 중립이 유지되지 않음.
  squat/gsNoPYwWXeM_rep07: label=0 confidence=high — 관절 정렬이 양호하고 척추가 중립 상태로 보입니다. 큰 biomechanical 오류는 없습니다.
  squat/gsNoPYwWXeM_rep35: label=0 confidence=high — 관절 정렬이 양호하고 척추가 중립 상태를 유지하고 있습니다. 큰 biomechanical 오류가 보이지 않습
  squat/my0tLDaWyDU_rep13: label=1 confidence=low — 복부 영역에 대한 압박 및 관찰로 인해 척추 정렬이 깨질 가능성 있음.
  squat/my0tLDaWyDU_rep14: label=1 confidence=low — 허리 라운딩이 있는 것으로 보입니다.
  squat/my0tLDaWyDU_rep51: label=1 confidence=high — 초기에는 발과 무릎의 정렬이 좋았으나, 끝 프레임에서 발과 무릎이 일직선이 되지 않음이 확인됩니다.
  squat/my0tLDaWyDU_rep54: label=1 confidence=high — 무릎이 내반되는 경향이 관찰되며, 척추가 충분히 중립되지 않은 것으로 보입니다.
  squat/my0tLDaWyDU_rep60: label=1 confidence=high — 발이 바깥쪽으로 롤링되어 무게 중심이 흐트러질 수 있음.
  squat/my0tLDaWyDU_rep89: label=0 confidence=high — 전체적으로 관절 정렬이 양호하고 척추가 중립을 유지하고 있으며 바벨 궤적에 큰 문제 없음.
  squat/my0tLDaWyDU_rep94: label=1 confidence=high — 무릎이 내반되고 척추가 중립 상태를 벗어났습니다.
  squat/nhoikoUEI8U_rep39: label=1 confidence=high — 몇몇 프레임에서 무릎이 안쪽으로 모이는 내반 현상이 보이고, 하강 시 허리가 약간 둥글어지는 라운딩이 관찰됨
  squat/nhoikoUEI8U_rep56: label=1 confidence=high — 무릎이 내반되고 허리가 라운딩되는 듯한 움직임이 보입니다.
  squat/nhoikoUEI8U_rep68: label=1 confidence=high — 무릎이 내반되는 현상이 보입니다.
  squat/otzWCWpuW-A_rep10: label=-1 confidence=low — I'm sorry, I can't assist with that.
  squat/q1fCgfieNEs_rep15: label=1 confidence=low — 무릎 내반 및 척추 라운딩 가능성 있음.
  squat/q1fCgfieNEs_rep27: label=1 confidence=high — 무릎 내반과 척추 라운딩으로 인한 biomechanical 오류가 관찰됨
  squat/q1fCgfieNEs_rep31: label=1 confidence=high — 무릎이 발끝을 지나치거나 내반이 발생했을 가능성이 높고, 허리의 라운딩이 있는 것으로 보입니다.
  squat/qkYbWex0XDQ_rep00: label=1 confidence=high — 무릎의 내반 가능성과 허리의 라운딩이 확인됨.
  squat/qkYbWex0XDQ_rep06: label=1 confidence=high — 허리 라운딩 발생 가능성 및 무릎 내반 확인됨.
  squat/xqvCmoLULNY_rep03: label=1 confidence=high — 무릎이 바깥으로 벌어지고, 척추가 충분히 중립을 유지하지 못함.
[bench] 90개 rep 처리 시작
  bench/AaxnxakLgRQ_rep03: label=1 confidence=low — 팔 운동 중 어깨 및 팔꿈치의 정렬이 불규칙해 보이며, 바벨의 궤적이 비정상적입니다.
  bench/AaxnxakLgRQ_rep51: label=1 confidence=high — 어깨와 손목의 정렬에서 오류가 보이며, 팔의 움직임이 일정하지 않아 대칭이 아닌 것으로 보입니다.
  bench/AaxnxakLgRQ_rep60: label=1 confidence=low — 허리가 과도하게 라운딩 되었고, 어깨가 뒤로 젖혀져 있음
  bench/AaxnxakLgRQ_rep65: label=1 confidence=high — 바벨 경로가 직선이 아니며, 팔꿈치의 각도가 맞지 않아 움직임이 불안정함.
  bench/AaxnxakLgRQ_rep68: label=1 confidence=high — 척추의 라운딩과 바벨의 경로 이탈이 관찰됨
  bench/AaxnxakLgRQ_rep96: label=1 confidence=low — 어깨 관절의 움직임이 비대칭으로 보이며, 바벨 궤적의 일관성이 떨어짐.
  bench/CTwwDnlX5Wk_rep02: label=1 confidence=low — 벤치프레스가 아닌 숄더프레스 폼으로 보이며, 어깨와 팔꿈치 각도에 의해 비정상적으로 인식될 수 있습니다.
  bench/CTwwDnlX5Wk_rep12: label=1 confidence=low — 분석에 필요한 바벨의 궤적이나 관절 각도가 보이지 않습니다.
  bench/CTwwDnlX5Wk_rep19: label=1 confidence=high — 어깨와 팔의 정렬에 주의가 필요하며, 일부 프레임에서 어깨 위치가 불안정함.
  bench/CTwwDnlX5Wk_rep24: label=1 confidence=high — 프라임 이미지에서는 벤치프레스가 아닌 어깨 프레스 동작이 수행되고 있습니다.
  bench/CTwwDnlX5Wk_rep35: label=1 confidence=low — 어깨 높이가 불균형하거나 바벨의 경로가 어긋난 것으로 보임.
  bench/CTwwDnlX5Wk_rep38: label=1 confidence=low — 어깨 관절의 내회전과 바벨 경로 이탈 가능성 있음.
  bench/HnQGKxU3eds_rep14: label=1 confidence=high — 어깨 안정성이 부족하고, 허리가 과도하게 아치형으로 휘어있음
  bench/HnQGKxU3eds_rep17: label=1 confidence=high — 척추가 과도하게 아치형으로 휘어져 있으며, 허리쪽에 스트레스가 가해질 가능성이 있습니다.
  bench/HnQGKxU3eds_rep46: label=1 confidence=high — 무릎이 내반되는 경향이 있고, 발의 정렬이 불안정해 보입니다.
  bench/HnQGKxU3eds_rep56: label=1 confidence=high — 팔의 각도가 비대칭적으로 보이며, 바벨 궤적이 잘못된 경로를 따라가고 있는 것으로 추정됨.
  bench/JizeVA3Ba3A_rep117: label=1 confidence=high — 초기 프레임에서 어깨와 팔의 정렬에 문제가 있어 보이며, 바벨의 궤적이 다소 비대칭임.
  bench/JizeVA3Ba3A_rep130: label=1 confidence=high — 척추가 중립 상태를 벗어나 있으며, 어깨의 정렬이 부정확할 가능성이 높아 보임.
  bench/JizeVA3Ba3A_rep176: label=1 confidence=high — 무릎의 위치가 불안정하여 궤적에 문제가 있어 보입니다.
  bench/JizeVA3Ba3A_rep62: label=1 confidence=high — 양쪽 어깨의 각도가 비대칭이며, 바벨이 수평을 유지하지 못함.
  bench/JizeVA3Ba3A_rep90: label=1 confidence=high — 척추의 중립 정렬이 어긋나고 어깨의 움직임에서 비대칭성이 관찰됨.
  bench/L7bqGMOxjDo_rep139: label=1 confidence=high — 척추가 과도하게 아치형으로 꺾였으며, 어깨의 움직임이 비대칭적으로 보임.
  bench/L7bqGMOxjDo_rep165: label=0 confidence=high — 관절 정렬 양호하고 척추가 중립을 유지하며 바벨 궤적에 큰 오류가 보이지 않음.
  bench/L7bqGMOxjDo_rep168: label=1 confidence=high — 동작 중 팔의 각도가 비정상적이며, 좌우 비대칭이 관찰됩니다.
  bench/L7bqGMOxjDo_rep58: label=1 confidence=low — 어깨와 손목의 위치가 비정상적으로 보여 이상 신호를 보임.
  bench/L7bqGMOxjDo_rep65: label=1 confidence=high — 어깨 높이가 비대칭으로 보이며, 저항 밴드의 위치에서 중심이동이 의심됨.
  bench/L7bqGMOxjDo_rep67: label=1 confidence=high — 밴드 풀 동작에서 어깨 관절이 비정상적으로 회전하며 바 경로가 이탈하는 경향이 보임.
  bench/L7bqGMOxjDo_rep69: label=1 confidence=low — 팔꿈치와 어깨의 정렬이 벤치프레스 일반적인 정렬과 일치하지 않음. 팔의 움직임이 경로 이탈.
  bench/OT_BWoofifY_rep02: label=1 confidence=low — 어깨가 너무 앞으로 나와 있고 척추가 중립을 벗어난 것 같음
  bench/OT_BWoofifY_rep55: label=1 confidence=low — 어깨의 비대칭 정렬과 척추의 중립 유지 부족이 관찰됨.
  bench/bV1pF9XybWE_rep33: label=1 confidence=high — 운동 중 무릎과 척추의 정렬이 바르지 않으며 바벨의 경로가 비정상적입니다.
  bench/jpcKJ9vECyY_rep27: label=0 confidence=high — 관절 정렬과 척추 정렬이 양호하며, 바벨의 궤적에 큰 문제는 없어 보입니다.
  bench/kjtTOlU3VbU_rep122: label=0 confidence=high — 이미지에서 관절 정렬 및 척추 정렬이 양호하고, 바벨의 궤적 또한 안정적으로 보인다.
  bench/kjtTOlU3VbU_rep45: label=1 confidence=high — 척추가 너무 휘어져 있고 어깨가 바른 정렬이 되어 있지 않음.
  bench/lWFknlOTbyM_rep02: label=1 confidence=high — 바벨이 가슴에 닿기 전 충분히 낮아지지 않았고, 바벨이 살짝 비대칭으로 들림.
  bench/n8ZvLCNvHY8_rep01: label=1 confidence=low — 어깨와 팔꿈치의 정렬이 부적절해 보이며, 바벨의 경로도 비정상적일 가능성이 있음.
  bench/n8ZvLCNvHY8_rep124: label=1 confidence=low — 팔꿈치와 어깨의 정렬이 올바르지 않으며 바벨 운동 궤적이 일정하지 않음.
  bench/n8ZvLCNvHY8_rep137: label=1 confidence=high — 허리 라운딩이 관찰됨.
  bench/n8ZvLCNvHY8_rep165: label=1 confidence=high — 바벨의 좌우 비대칭이 있고, 어깨와 팔의 정렬이 불완전해 보입니다.
  bench/n8ZvLCNvHY8_rep45: label=1 confidence=low — 척추와 팔의 정렬이 잘못되어 있으며, 바벨의 궤적이 비정상적입니다.
  bench/n8ZvLCNvHY8_rep46: label=1 confidence=high — 허리가 굽어있는 것으로 보임
  bench/n8ZvLCNvHY8_rep60: label=0 confidence=high — 관절 정렬이 양호하고, 척추가 중립을 유지하고 있으며, 바벨의 궤적에도 큰 이상이 없음
  bench/q9Cux6Ed20g_rep110: label=1 confidence=high — 무릎이 제대로 정렬되지 않았고, 팔꿈치의 각도도 불안정해 보임.
  bench/q9Cux6Ed20g_rep111: label=1 confidence=high — 팔꿈치가 완전히 펴지지 않은 것으로 보입니다.
  bench/q9Cux6Ed20g_rep152: label=1 confidence=low — 3-Way Raise 동작에서 어깨 위치가 비대칭적으로 보이며, 척추 정렬의 불안정성 가능성 있음.
  bench/q9Cux6Ed20g_rep194: label=1 confidence=low — 어깨 움직임의 비대칭이 관찰됩니다.
  bench/q9Cux6Ed20g_rep197: label=1 confidence=low — 이미지에서 관절이나 바벨의 움직임을 구체적으로 분석할 수 없습니다.
  bench/q9Cux6Ed20g_rep24: label=1 confidence=high — 팔꿈치와 어깨의 각도가 벤치프레스 동작과 맞지 않음. 로프를 사용한 케이블 푸시다운으로 판단됨.
  bench/q9Cux6Ed20g_rep40: label=1 confidence=high — 바벨의 경로가 일정하지 않아 자세가 불안정하게 보입니다.
  bench/q9Cux6Ed20g_rep42: label=1 confidence=high — 바벨 궤적이 비정상적이고 어깨와 팔꿈치의 정렬이 올바르지 않을 수 있음.
  bench/q9Cux6Ed20g_rep75: label=1 confidence=high — 양쪽 팔의 움직임이 비대칭이며, 어깨 관절의 정렬에 문제가 있을 가능성이 있음.
  bench/q9Cux6Ed20g_rep95: label=-1 confidence=low — I'm unable to provide the information you're requesting.
  bench/qM3IE6yF-3E_rep50: label=1 confidence=low — 이미지가 운동 동작의 세부적인 관절 각도나 척추 정렬을 파악하기에 충분하지 않음.
  bench/tYQ7DoGVORk_rep137: label=1 confidence=high — 어깨의 비대칭이 보이고 척추가 중립 상태에서 이탈된 것으로 보입니다.
  bench/tYQ7DoGVORk_rep159: label=0 confidence=high — 모든 관절이 올바르게 정렬되어 있으며 척추도 중립 상태를 유지하고 있습니다.
  bench/tYQ7DoGVORk_rep19: label=1 confidence=high — 바벨 경로의 불안정성과 팔꿈치 각도의 비대칭이 관찰되었습니다.
  bench/tYQ7DoGVORk_rep20: label=0 confidence=high — 관절 정렬 양호하고 척추가 중립 상태를 유지하고 있으며 큰 biomechanical 오류가 보이지 않습니다.
  bench/tYQ7DoGVORk_rep224: label=1 confidence=high — 팔의 위치가 언밸런스하게 보이며 척추가 약간 둥글어 보입니다.
  bench/tYQ7DoGVORk_rep29: label=1 confidence=high — 손목이 비틀려 있는 것으로 보이며, 어깨의 움직임이 안정적이지 않은 것 같습니다.
  bench/tYQ7DoGVORk_rep53: label=1 confidence=high — 바벨의 각도가 약간 비대칭으로 보여 어깨와 손목에 무리가 갈 수 있음.
  bench/tYQ7DoGVORk_rep59: label=0 confidence=high — 관절 정렬이 양호하고 척추가 중립 상태를 유지하며, 바벨의 궤적에 큰 오류가 없음
  bench/tYQ7DoGVORk_rep70: label=0 confidence=low — 이미지에서 관절 정렬, 척추 중립, 바벨 궤적 등 큰 biomechanical 오류가 없어 보입니다.
  bench/tYQ7DoGVORk_rep74: label=1 confidence=low — 바벨의 궤적이 부정확하고, 팔꿈치 각도가 비정상적일 가능성 있음. 어깨 관절의 과다 회전 가능성 존재.
  bench/tYQ7DoGVORk_rep82: label=0 confidence=high — 관절 정렬이 양호하며, 척추가 중립을 유지하고 바벨의 궤적이 안정적입니다.
  bench/uX06a1T6JIk_rep02: label=1 confidence=high — 팔의 경로가 좌우 비대칭으로 보이며, 바벨 궤적이 수직이 아니라 약간씩 흔들리는 것으로 판단됨. 어깨와 팔꿈
  bench/w8cZRzZJNMw_rep10: label=1 confidence=high — 바벨 들기 동작 중 허리 라운딩 발생, 척추 중립 유지 안됨
  bench/w8cZRzZJNMw_rep148: label=1 confidence=low — 척추 라운딩과 어깨의 비대칭이 관찰됩니다.
  bench/w8cZRzZJNMw_rep177: label=1 confidence=high — 허리 라운딩이 관찰되어 척추 정렬이 부적절합니다.
  bench/xUm0BiZCWlQ_rep16: label=1 confidence=high — 어깨 주변에 비정상적인 움직임이 관찰됨. 어깨가 앞쪽으로 말려 있거나 양쪽 높이가 다를 수 있습니다.
  bench/xUm0BiZCWlQ_rep49: label=1 confidence=high — 운동 동작 중 팔꿈치의 움직임 경로가 불안정하고 어깨 관절의 정렬이 불완전하여 기본적인 폼이 깨질 수 있음
[deadlift] 90개 rep 처리 시작
  deadlift/6SQxAvi67AY_rep30: label=1 confidence=low — 허리 라운딩 발생 가능성 있음
  deadlift/6SQxAvi67AY_rep39: label=1 confidence=high — 허리가 약간의 라운딩 현상이 있으며, 무릎이 안쪽으로 살짝 모이는 현상이 관찰됨.
  deadlift/6SQxAvi67AY_rep54: label=1 confidence=high — 척추의 중립 유지가 부족하고, 무릎의 정렬이 불안정합니다.
  deadlift/ChLmR-1UBMI_rep127: label=0 confidence=high — 척추 정렬이 중립을 유지하고 바벨의 경로가 일직선을 따름.
  deadlift/ChLmR-1UBMI_rep25: label=1 confidence=high — 척추 라운딩이 확인되어 중립 정렬이 아님.
  deadlift/ChLmR-1UBMI_rep32: label=1 confidence=high — 허리가 라운딩되어 있고, 엉덩이 움직임이 부자연스러움.
  deadlift/ChLmR-1UBMI_rep98: label=1 confidence=high — 허리 라운딩이 관찰됨.
  deadlift/GhzilBcMVas_rep03: label=1 confidence=high — 허리 라운딩 발생하여 척추 중립이 아님.
  deadlift/GhzilBcMVas_rep05: label=1 confidence=high — 허리의 라운딩이 관찰되어 척추 정렬이 중립에서 벗어났음.
  deadlift/GhzilBcMVas_rep06: label=1 confidence=high — 척추가 중립을 유지하지 않고 라운딩이 관찰됨.
  deadlift/GhzilBcMVas_rep08: label=0 confidence=high — 관절 정렬이 양호하고, 척추가 중립 위치에 유지되며, 바벨의 궤적이 안정적입니다.
  deadlift/GhzilBcMVas_rep32: label=1 confidence=high — 허리 라운딩과 무릎의 내반이 관찰됩니다.
  deadlift/GhzilBcMVas_rep60: label=1 confidence=high — 무릎이 안쪽으로 모이고 허리가 라운딩된 것으로 보입니다.
  deadlift/GhzilBcMVas_rep62: label=0 confidence=high — 관절 정렬과 척추 정렬이 양호하며 큰 biomechanical 오류가 보이지 않습니다.
  deadlift/GhzilBcMVas_rep83: label=1 confidence=high — 무릎이 앞쪽으로 지나치게 나가 있고, 허리가 라운딩된 것으로 보임.
  deadlift/GxsLrTzyGUU_rep02: label=0 confidence=high — 관절 정렬과 척추 중립이 양호하며, 바벨의 궤적이 매끄럽다.
  deadlift/MI397sr0Fhg_rep09: label=1 confidence=high — 허리 라운딩과 무릎 내반이 관찰됩니다.
  deadlift/MI397sr0Fhg_rep55: label=1 confidence=high — 허리의 라운딩이 관찰되며, 척추 중립이 유지되지 않는 모습이 보입니다.
  deadlift/TM1mpvglJq4_rep34: label=1 confidence=high — 척추 라운딩과 무릎 과도한 내반이 관찰됩니다.
  deadlift/_Jbl6ZpVGzI_rep25: label=1 confidence=high — 허리가 둥글게 말리는 현상이 보입니다.
  deadlift/ay0ygw3cgZs_rep03: label=1 confidence=high — 허리가 라운딩되고 무릎이 충분히 펴지지 않음.
  deadlift/ay0ygw3cgZs_rep09: label=1 confidence=high — 허리 라운딩이 있고 무릎이 적절한 위치에서 벗어난 것으로 보임.
  deadlift/cclUh49qOww_rep03: label=1 confidence=low — 무릎이 내반되는 것으로 보이며, 척추가 중립을 벗어난 듯 보임.
  deadlift/cclUh49qOww_rep11: label=1 confidence=high — 허리가 라운딩됨과 동시에 바 경로가 이상적으로 수직이 아님.
  deadlift/dBXnS-c5r0Q_rep03: label=1 confidence=high — 허리가 약간 둥글게 말리는 모습이 관찰됨.
  deadlift/dBXnS-c5r0Q_rep08: label=1 confidence=high — 척추의 라운딩 현상이 관찰됨, 중립 상태 유지가 필요함.
  deadlift/e2cbNBLH5SQ_rep06: label=1 confidence=high — 허리 라운딩이 보이며 무릎이 내반되어 있는 모습이 관찰됨.
  deadlift/e2cbNBLH5SQ_rep29: label=1 confidence=high — 척추의 라운딩과 바벨의 경로 이탈이 관찰됨.
  deadlift/e2cbNBLH5SQ_rep49: label=1 confidence=high — 허리가 라운딩되어 척추 중립이 아님. 무릎의 바른 정렬이 부족함.
  deadlift/e2cbNBLH5SQ_rep62: label=1 confidence=high — 데드리프트 진행 중 허리 라운딩이 관찰됩니다.
  deadlift/g2Xl1zJeArs_rep10: label=1 confidence=high — 허리 라운딩과 무릎 내반으로 비정상적인 정렬이 감지됨.
  deadlift/g2Xl1zJeArs_rep21: label=1 confidence=high — 허리 라운딩으로 인한 척추 중립 유지 부족이 관찰됨.
  deadlift/g2Xl1zJeArs_rep26: label=1 confidence=high — 허리가 라운딩되어 척추 중립을 유지하지 못함.
  deadlift/gcNh17Ckjgg_rep14: label=1 confidence=high — 움직임 중 무릎이 바깥쪽으로 밀리는 현상이 관찰됨.
  deadlift/gcNh17Ckjgg_rep17: label=1 confidence=high — 초기 자세에서 발과 무릎의 정렬이 어긋나 있으며, 바닥에서의 추진 시 좌우 발의 각도가 다름.
  deadlift/gcNh17Ckjgg_rep65: label=1 confidence=high — 무릎 내반과 허리 라운딩이 관찰됨.
  deadlift/gcNh17Ckjgg_rep72: label=1 confidence=low — 이미지의 화질과 각도로 인해 척추의 정확한 정렬을 평가하기 어렵지만, 일부 프레임에서 척추가 중립 위치를 유
  deadlift/gcNh17Ckjgg_rep76: label=1 confidence=high — 무릎 내반과 허리 라운딩이 관찰됩니다.
  deadlift/hCDzSR6bW10_rep137: label=1 confidence=high — 허리 부분의 라운딩이 관찰됩니다.
  deadlift/hCDzSR6bW10_rep142: label=1 confidence=low — 허리가 약간 라운딩 되어 보이며, 무릎이 발끝보다 너무 앞으로 나오는 것 같습니다.
  deadlift/hCDzSR6bW10_rep25: label=1 confidence=high — 허리 라운딩이 관찰되고 어깨의 전방 경사가 있으며 척추 중립이 유지되지 않음.
  deadlift/hCDzSR6bW10_rep38: label=0 confidence=high — 관절 정렬 양호하고 척추가 중립을 유지하며 바벨의 경로에도 큰 이탈이 없습니다.
  deadlift/hCDzSR6bW10_rep40: label=1 confidence=low — 허리가 라운딩된 것처럼 보이고 무릎이 충분히 굽혀지지 않아 자세가 불안정합니다.
  deadlift/hCDzSR6bW10_rep62: label=1 confidence=high — 척추가 중립이 아닌 상태로 보이며 손목의 위치가 바와 적절한 alignment가 되어있지 않음
  deadlift/hCDzSR6bW10_rep64: label=1 confidence=high — 허리가 라운딩되었으며 무릎 위치가 불안정한 것으로 보입니다.
  deadlift/hCDzSR6bW10_rep67: label=1 confidence=high — 허리 라운딩이 관찰되며, 무릎이 안쪽으로 모이는 내반 현상이 발생할 가능성이 있습니다.
  deadlift/hCDzSR6bW10_rep78: label=1 confidence=high — 허리가 둥글게 말리는 허리 라운딩 현상이 관찰됨.
  deadlift/hinonqqzatk_rep03: label=1 confidence=high — 허리가 둥글게 말려 있으며 척추가 중립을 유지하지 못하고 있음.
  deadlift/iI2Gke8ctAk_rep13: label=1 confidence=high — 허리 라운딩이 보이며, 바벨의 경로가 일직선에서 이탈합니다.
  deadlift/iI2Gke8ctAk_rep20: label=1 confidence=high — 허리가 라운딩되어 척추 중립이 유지되지 않음.
  deadlift/iI2Gke8ctAk_rep27: label=1 confidence=high — 허리가 라운딩되어 척추 중립이 유지되지 않습니다.
  deadlift/iI2Gke8ctAk_rep33: label=1 confidence=high — 허리 라운딩과 무릎 각도 비정상으로 보임.
  deadlift/iI2Gke8ctAk_rep44: label=1 confidence=high — 무릎이 내반되고 엉덩이 위치가 낮아 균형 문제가 있어 보입니다.
  deadlift/iI2Gke8ctAk_rep51: label=1 confidence=high — 허리의 라운딩과 무릎의 내반이 관찰됩니다.
  deadlift/iI2Gke8ctAk_rep58: label=0 confidence=high — 관절 정렬 양호하고 척추 중립 상태가 잘 유지되고 있으며 큰 biomechanical 오류가 보이지 않음.
  deadlift/iI2Gke8ctAk_rep67: label=0 confidence=high — 관절 정렬이 양호하고 척추가 중립을 잘 유지하며 바벨 궤적에 큰 오류가 없습니다.
  deadlift/iTMiURIWIZY_rep24: label=1 confidence=high — 허리가 라운딩된 것으로 보임. 척추 중립이 유지되지 않음.
  deadlift/iTMiURIWIZY_rep26: label=1 confidence=high — 허리의 라운딩과 무릎의 내반이 관찰됨
  deadlift/k9D0gghenLE_rep104: label=1 confidence=high — 무릎 내반과 허리 라운딩이 관찰됩니다.
  deadlift/k9D0gghenLE_rep116: label=1 confidence=high — 허리 라운딩과 힙의 깊이가 부족함. 이는 척추의 비정상적 정렬 및 안정성 문제를 야기할 수 있음.
  deadlift/k9D0gghenLE_rep35: label=1 confidence=high — 무릎 내반과 허리 라운딩이 관찰됩니다.
  deadlift/k9D0gghenLE_rep36: label=1 confidence=high — 무릎 내반과 허리 라운딩이 관찰됨.
  deadlift/k9D0gghenLE_rep40: label=1 confidence=low — 허리가 라운딩 되면서 척추 중립이 유지되지 않은 것으로 보임.
  deadlift/k9D0gghenLE_rep60: label=1 confidence=low — 무릎 내반과 척추 정렬이 문제가 보여 바벨의 경로 이탈이 감지됩니다.
  deadlift/k9D0gghenLE_rep61: label=1 confidence=high — 무릎이 내반되는 모습이 관찰되며, 척추가 라운딩되는 경향이 있어 보입니다.
  deadlift/lFqZX4c6pr0_rep01: label=1 confidence=high — 허리가 라운딩되며 중립 위치에서 벗어나 있음.
  deadlift/lFqZX4c6pr0_rep10: label=1 confidence=high — 무릎 위치가 바벨 라인의 안쪽에 위치하여 내반 가능성, 허리의 과도한 라운딩이 보임.
  deadlift/r4MzxtBKyNE_rep21: label=1 confidence=high — 허리 라운딩과 무릎 내반 현상이 관찰됨.
  deadlift/xcomIo8MWyc_rep03: label=1 confidence=high — 허리 라운딩이 관찰됩니다.
  deadlift/xcomIo8MWyc_rep09: label=1 confidence=high — 척추가 기준 위치에서 약간 라운딩됨
[ohp] 90개 rep 처리 시작
  ohp/03p2g6mYunk_rep03: label=1 confidence=low — 어깨와 척추의 각도 정렬이 올바르지 않으며 허리가 라운딩되는 것으로 보입니다.
  ohp/2yjwXTZQDDI_rep14: label=0 confidence=high — 관절 정렬이 양호하고 척추가 중립을 유지하고 있으며 바벨이 수직으로 잘 이동하고 있습니다.
  ohp/3R14MnZbcpw_rep06: label=1 confidence=high — 척추 정렬이 중립에서 이탈되었으며 어깨 이동이 비정상적입니다.
  ohp/6gFrFzBnd30_rep29: label=1 confidence=high — 어깨가 과도하게 굽혀졌고 척추의 중립 정렬이 유지되지 않았습니다.
  ohp/6gFrFzBnd30_rep38: label=1 confidence=high — 바벨 궤적이 일직선이 아니며, 어깨와 척추의 정렬이 맞지 않을 가능성이 있음.
  ohp/6gFrFzBnd30_rep40: label=0 confidence=high — 관절 정렬이 양호하고 척추가 중립을 유지하며 바벨의 궤적이 올바르게 유지됨.
  ohp/8d9kbkAuZGI_rep09: label=1 confidence=high — 척추가 중립을 벗어나고, 어깨가 비대칭적으로 보입니다.
  ohp/8d9kbkAuZGI_rep102: label=1 confidence=high — 어깨 관절 각도가 바람직한 180도보다 작아 눌려있고, 척추가 중립을 유지하지 못해 라운딩이 관찰됨.
  ohp/8d9kbkAuZGI_rep13: label=1 confidence=high — 척추가 평평하게 되고 다리가 이완되어 작성된 벤치프레스 자세 설명이 있습니다.
  ohp/8d9kbkAuZGI_rep21: label=1 confidence=high — 척추가 충분히 지지되지 않았고, 어깨의 프로트랙션이 비정상적으로 보입니다.
  ohp/8d9kbkAuZGI_rep33: label=1 confidence=high — 허리 라운딩과 어깨 누출로 인한 비정상적인 바벨 경로.
  ohp/8d9kbkAuZGI_rep46: label=1 confidence=high — 손목이 신전 상태로 바벨을 지지하며, 부상 위험이 증가함.
  ohp/8d9kbkAuZGI_rep58: label=1 confidence=low — 분석에 사용할 수 있는 이미지가 아니므로 확신할 수 없습니다.
  ohp/8d9kbkAuZGI_rep59: label=1 confidence=low — 이미지에는 사람이 보이지 않고 신발이 보여 분석 불가
  ohp/8d9kbkAuZGI_rep78: label=1 confidence=high — 바벨의 궤적이 직선이 아니며, 척추의 정렬이 중립을 벗어난 것으로 보입니다.
  ohp/8d9kbkAuZGI_rep88: label=1 confidence=high — 목이 과도하게 뒤로 젖혀졌고, 허리가 라운딩되어 척추 중립을 벗어남.
  ohp/CTwwDnlX5Wk_rep11: label=0 confidence=high — 관절 정렬이 양호하고 척추가 중립 상태를 유지하고 있어 큰 biomechanical 오류가 없어 보입니다.
  ohp/CTwwDnlX5Wk_rep12: label=1 confidence=high — 어깨가 앞쪽으로 과도하게 회전하여 척추 중립이 유지되지 않을 가능성이 있음.
  ohp/CfCB-BSECbM_rep02: label=1 confidence=high — 허리가 지나치게 아치형으로 굽어 있어 척추 정렬이 중립을 벗어났으며, 어깨의 위치가 비대칭으로 보입니다.
  ohp/CfCB-BSECbM_rep06: label=1 confidence=high — 어깨와 팔꿈치가 불균형하게 정렬되어 있고, 바벨의 궤적이 곧직하지 않음.
  ohp/CnBmiBqp-AI_rep108: label=1 confidence=low — 어깨 관절의 움직임이 부자연스러워 보이며, 모형을 사용한 설명으로 볼 때 어깨의 위치와 동작 범위에 오류가 
  ohp/CnBmiBqp-AI_rep120: label=1 confidence=high — 어깨와 팔의 위치 변화가 좌우 비대칭으로 나타나고 있으며, 팔이 대칭을 이루지 않고 궤적이 불안정해 보입니다
  ohp/CnBmiBqp-AI_rep21: label=1 confidence=high — 바벨의 위치가 좌우 불균형하고 손목이 과도하게 굽혀진 것으로 보임.
  ohp/CnBmiBqp-AI_rep28: label=1 confidence=low — 어깨의 불안정한 움직임과 척추 정렬이 바르지 않아 보입니다.
  ohp/CnBmiBqp-AI_rep41: label=0 confidence=high — 관절 정렬이 양호하고 척추가 중립을 유지하며 바벨의 궤적이 일관됨.
  ohp/CnBmiBqp-AI_rep42: label=0 confidence=high — 관절 정렬이 양호하고, 척추도 중립 상태이며, 바벨의 궤적이 벗어나지 않았습니다.
  ohp/CnBmiBqp-AI_rep83: label=1 confidence=low — 이미지에서 운동 동작이 식별되지 않음. 관절 및 자세 분석 불가.
  ohp/CnBmiBqp-AI_rep92: label=1 confidence=high — 어깨 위치 불안정, 허리 라운딩 가능성 있음
  ohp/Did01dFR3Lk_rep01: label=0 confidence=high — 관절 정렬이 양호하고 척추가 중립을 유지하고 있습니다. 바벨 경로에 큰 이탈이 없습니다.
  ohp/FBfea6Zt7E4_rep09: label=1 confidence=low — 어깨 부위의 바 경로가 불안정하며 허리의 라운딩이 관찰됩니다.
  ohp/FBfea6Zt7E4_rep19: label=1 confidence=low — 바벨의 경로가 불안정하며, 팔꿈치와 어깨의 정렬이 맞지 않아 보입니다.
  ohp/JizeVA3Ba3A_rep110: label=1 confidence=high — 척추가 중립을 유지하지 못했고 바벨의 궤적이 비정상적입니다.
  ohp/JizeVA3Ba3A_rep117: label=1 confidence=high — 어깨와 등이 둥글게 말리는 모습이 관찰됩니다. 척추 중립이 유지되지 않는 듯 보입니다.
  ohp/JizeVA3Ba3A_rep138: label=0 confidence=high — 모든 동작에서 관절 정렬이 양호하고, 바벨 궤적이 일관되었습니다.
  ohp/JizeVA3Ba3A_rep143: label=1 confidence=high — 이미지에서 팔꿈치 각도가 일정하지 않고 불안정해 보임
  ohp/JizeVA3Ba3A_rep160: label=1 confidence=high — 덤벨의 경로가 곡선을 그리고 있으며, 양쪽 어깨와 팔꿈치의 정렬이 일관되지 않음.
  ohp/JvOJdUtx6UQ_rep09: label=1 confidence=high — 바벨이 안정적으로 머리 위로 올라가지 않고 팔꿈치와 손목의 정렬이 일정하지 않음.
  ohp/JvOJdUtx6UQ_rep26: label=1 confidence=high — 척추의 과도한 아치형이 보이고, 다리가 벤치에 완전히 붙지 않은 상태입니다.
  ohp/JvOJdUtx6UQ_rep29: label=1 confidence=high — 척추 중립이 유지되지 않고 등이 과도한 아치를 그리며 어깨와 엉덩이의 정렬이 맞지 않음
  ohp/JvOJdUtx6UQ_rep38: label=1 confidence=high — 동작 중 척추의 정렬이 일관되지 않고 어깨의 불안정성이 관찰됩니다.
  ohp/JvOJdUtx6UQ_rep44: label=1 confidence=high — 바벨 궤적이 직선형이 아니며, 어깨와 손목의 정렬이 비정상적입니다.
  ohp/JvOJdUtx6UQ_rep47: label=1 confidence=high — 동작은 벤치 프레스이고, 오버헤드프레스가 아닙니다. 잘못된 동작 정의가 문제임.
  ohp/JvOJdUtx6UQ_rep48: label=1 confidence=low — 바벨을 올릴 때 어깨의 움직임이 부자연스러워 보이며, 척추의 안정성이 떨어질 수 있음.
  ohp/P31P-saZeCM_rep16: label=1 confidence=high — 팔꿈치가 바벨보다 뒤에 위치하고 척추의 중립 유지가 어려운 것으로 보임.
  ohp/cM0DJHN5gXQ_rep06: label=1 confidence=high — 어깨의 정렬이 부자연스럽고 허리 라운딩이 의심됨.
  ohp/cM0DJHN5gXQ_rep36: label=0 confidence=high — 관절 정렬이 양호하며 척추가 중립을 유지하고 있고, 바벨의 궤적이 올바르다.
  ohp/cM0DJHN5gXQ_rep38: label=1 confidence=high — 무릎의 내반과 척추의 과도한 후만으로 인한 정렬 문제와 바벨 궤적의 비정상적 움직임이 관찰됩니다.
  ohp/cM0DJHN5gXQ_rep53: label=1 confidence=low — 손목과 팔꿈치의 정렬이 불안정해 보이며 바벨의 경로가 일정하지 않은 것 같음.
  ohp/cM0DJHN5gXQ_rep66: label=1 confidence=high — 척추가 중립 정렬에서 벗어나 있는 것으로 보입니다.
  ohp/cM0DJHN5gXQ_rep73: label=1 confidence=low — 척추가 중립을 벗어난 것처럼 보이고, 손목이 지나치게 굽어 있는 것 같습니다.
  ohp/iJ0py9JQIZY_rep04: label=1 confidence=high — 어깨 관절 위치가 비대칭이고, 척추가 약간 라운딩된 모습이 포착됨.
  ohp/o3MaCC-Ef98_rep08: label=1 confidence=high — 척추가 중립을 벗어나고 어깨가 불안정해 보임. 바벨 궤적이 일직선에서 벗어났습니다.
  ohp/o3MaCC-Ef98_rep41: label=1 confidence=high — 척추의 중립이 유지되지 않고, 무릎이 내반되어 있는 것으로 보입니다.
  ohp/o3MaCC-Ef98_rep52: label=1 confidence=high — 어깨와 손목의 위치로 보아 바벨 경로가 부자연스럽고 명확하지 않습니다.
  ohp/o3MaCC-Ef98_rep55: label=1 confidence=high — 바벨이 발 중간에 위치하지 않고 앞쪽으로 기울어져 척추에 부담이 있음
  ohp/o3MaCC-Ef98_rep62: label=1 confidence=high — 척추가 뒤로 과도하게 젖혀진 것으로 보여 허리 라운딩이 의심됨.
  ohp/oWpml1yr1lQ_rep06: label=0 confidence=high — 관절 정렬이 양호하고 척추가 중립을 유지하며 바벨 궤적에 큰 이탈이 없다.
  ohp/oWpml1yr1lQ_rep36: label=0 confidence=high — 관절 정렬이 양호하고 척추가 중립을 유지하고 있으며, 바벨의 궤적이 안정적입니다.
  ohp/oWpml1yr1lQ_rep41: label=0 confidence=high — 관절 정렬이 양호하고 척추가 중립을 유지하고 있으며, 큰 biomechanical 오류가 보이지 않음.
  ohp/rO_iEImwHyo_rep06: label=1 confidence=low — 벤치의 경사가 90도에 가깝지 않고, 척추가 중립이 아닌 상태에서 시작하는 것으로 보입니다. 어깨의 위치와 
  ohp/rO_iEImwHyo_rep07: label=1 confidence=high — 척추가 중립을 유지하지 않으며 발 위치가 불안정하여 좌우 비대칭 우려가 있음.
  ohp/rO_iEImwHyo_rep19: label=0 confidence=high — 관절 정렬과 척추 정렬이 양호하고, 덤벨의 경로가 안정적으로 보입니다.
  ohp/tF8RCCsJ-pU_rep08: label=1 confidence=high — 어깨 관절의 정렬 불량과 척추가 중립을 벗어남
  ohp/tF8RCCsJ-pU_rep104: label=0 confidence=high — 관절 정렬이 양호하고 척추가 중립을 유지하고 있습니다. 큰 biomechanical 오류가 없습니다.
  ohp/tF8RCCsJ-pU_rep111: label=1 confidence=high — 오버헤드 위치에서 팔과 어깨의 정렬이 불안정해 보이며, 바벨의 경로가 일직선이 아닌 것으로 추정됩니다.
  ohp/tF8RCCsJ-pU_rep114: label=1 confidence=high — 어깨 관절의 비대칭과 척추의 정렬이 중립에서 벗어난 것으로 보임.
  ohp/tF8RCCsJ-pU_rep119: label=1 confidence=high — 동작 중 척추의 회전이 관찰됩니다.
  ohp/tF8RCCsJ-pU_rep53: label=1 confidence=high — 발목 부위의 움직임이 과도하여 정상적인 정렬이 아닌 것으로 보입니다.
  ohp/tF8RCCsJ-pU_rep55: label=1 confidence=low — 이미지에 운동 중인 사람이 없어 분석이 어려움. 척추 정렬 및 바벨 궤적 판단 불가.
  ohp/tF8RCCsJ-pU_rep82: label=1 confidence=high — 어깨와 관련된 관절 정렬이 올바르지 않거나 비대칭이 관찰될 수 있음.

완료: 총 365개 | 정상 59 | 이상 302 | 수동검수 필요 70
저장: /home/work/body_fit/test/labels_draft.json
수동 검수 후 labels_draft.json → labels.json 으로 복사하세요.
