nohup: ignoring input
Variant: no_body_cvae | Device: cuda
[BodyFitDataset] loaded 90514 valid samples from cache
Train: 81462 | Val: 9052
Epoch   1/30 | train NLL 1.3983 | val NLL 1.6438
  → saved best (val_nll=1.6438)
Epoch   2/30 | train NLL 0.9761 | val NLL 1.5185
  → saved best (val_nll=1.5185)
Epoch   3/30 | train NLL 0.8347 | val NLL 1.4159
  → saved best (val_nll=1.4159)
Epoch   4/30 | train NLL 0.7677 | val NLL 1.4141
  → saved best (val_nll=1.4141)
Epoch   5/30 | train NLL 0.7218 | val NLL 1.3998
  → saved best (val_nll=1.3998)
Epoch   6/30 | train NLL 0.6825 | val NLL 1.3231
  → saved best (val_nll=1.3231)
Epoch   7/30 | train NLL 0.6591 | val NLL 1.2666
  → saved best (val_nll=1.2666)
Epoch   8/30 | train NLL 0.6364 | val NLL 1.2662
  → saved best (val_nll=1.2662)
Epoch   9/30 | train NLL 0.6178 | val NLL 1.2247
  → saved best (val_nll=1.2247)
Epoch  10/30 | train NLL 0.5930 | val NLL 1.2063
  → saved best (val_nll=1.2063)
Epoch  11/30 | train NLL 0.5840 | val NLL 1.1905
  → saved best (val_nll=1.1905)
Epoch  12/30 | train NLL 0.5621 | val NLL 1.1479
  → saved best (val_nll=1.1479)
Epoch  13/30 | train NLL 0.5540 | val NLL 1.1105
  → saved best (val_nll=1.1105)
Epoch  14/30 | train NLL 0.5431 | val NLL 1.1242
Epoch  15/30 | train NLL 0.5299 | val NLL 1.0817
  → saved best (val_nll=1.0817)
Epoch  16/30 | train NLL 0.5269 | val NLL 1.0713
  → saved best (val_nll=1.0713)
Epoch  17/30 | train NLL 0.5139 | val NLL 1.0482
  → saved best (val_nll=1.0482)
Epoch  18/30 | train NLL 0.5058 | val NLL 1.0460
  → saved best (val_nll=1.0460)
Epoch  19/30 | train NLL 0.5001 | val NLL 1.0238
  → saved best (val_nll=1.0238)
Epoch  20/30 | train NLL 0.4931 | val NLL 1.0094
  → saved best (val_nll=1.0094)
Epoch  21/30 | train NLL 0.4897 | val NLL 1.0044
  → saved best (val_nll=1.0044)
Epoch  22/30 | train NLL 0.4813 | val NLL 1.0159
Epoch  23/30 | train NLL 0.4769 | val NLL 0.9816
  → saved best (val_nll=0.9816)
Epoch  24/30 | train NLL 0.4757 | val NLL 0.9750
  → saved best (val_nll=0.9750)
Epoch  25/30 | train NLL 0.4703 | val NLL 0.9702
  → saved best (val_nll=0.9702)
Epoch  26/30 | train NLL 0.4697 | val NLL 0.9645
  → saved best (val_nll=0.9645)
Epoch  27/30 | train NLL 0.4679 | val NLL 0.9627
  → saved best (val_nll=0.9627)
Epoch  28/30 | train NLL 0.4649 | val NLL 0.9610
  → saved best (val_nll=0.9610)
Epoch  29/30 | train NLL 0.4675 | val NLL 0.9587
  → saved best (val_nll=0.9587)
Epoch  30/30 | train NLL 0.4696 | val NLL 0.9587
Done. Checkpoint: /home/work/body_fit/checkpoints/no_body_cvae/best.pt
