nohup: ignoring input
Variant: raw_flow | Device: cuda
[BodyFitDataset] loaded 90514 valid samples from cache
Train: 81462 | Val: 9052
Traceback (most recent call last):
  File "/usr/lib/python3.10/runpy.py", line 196, in _run_module_as_main
    return _run_code(code, main_globals, None,
  File "/usr/lib/python3.10/runpy.py", line 86, in _run_code
    exec(code, run_globals)
  File "/home/work/Bodyfit/src/training/train_ablation.py", line 177, in <module>
    main()
  File "/home/work/Bodyfit/src/training/train_ablation.py", line 143, in main
    tr = train_epoch(model, train_loader, optimizer, device, body_mean, body_std)
  File "/home/work/Bodyfit/src/training/train_ablation.py", line 63, in train_epoch
    loss = model(pose, body).mean()
  File "/usr/local/lib/python3.10/dist-packages/torch/nn/modules/module.py", line 1736, in _wrapped_call_impl
    return self._call_impl(*args, **kwargs)
  File "/usr/local/lib/python3.10/dist-packages/torch/nn/modules/module.py", line 1747, in _call_impl
    return forward_call(*args, **kwargs)
  File "/home/work/Bodyfit/src/evaluation/ablation.py", line 157, in forward
    z, log_det, _ = self.flow(feat, c)
  File "/usr/local/lib/python3.10/dist-packages/torch/nn/modules/module.py", line 1736, in _wrapped_call_impl
    return self._call_impl(*args, **kwargs)
  File "/usr/local/lib/python3.10/dist-packages/torch/nn/modules/module.py", line 1747, in _call_impl
    return forward_call(*args, **kwargs)
  File "/home/work/Bodyfit/src/models/realnvp.py", line 116, in forward
    z, ld = layer(z, c)
  File "/usr/local/lib/python3.10/dist-packages/torch/nn/modules/module.py", line 1736, in _wrapped_call_impl
    return self._call_impl(*args, **kwargs)
  File "/usr/local/lib/python3.10/dist-packages/torch/nn/modules/module.py", line 1747, in _call_impl
    return forward_call(*args, **kwargs)
  File "/home/work/Bodyfit/src/models/realnvp.py", line 62, in forward
    x_b_out = x_b * s.exp() + t
RuntimeError: The size of tensor a (50) must match the size of tensor b (49) at non-singleton dimension 1
