nohup: ignoring input
  OK   21ksLeoHL_4.mp4
  OK   2t3Ab7a2ZM4.mp4
  OK   3HeC_cJfP2M.mp4
  OK   7FF6VLej_bY.mp4
  OK   8q3z94QyW5g.mp4
  OK   JANvVVsyZJE.mp4
  OK   P-yaD24bUE8.mp4
  OK   AhfgIM8YWBY.mp4
  OK   QKKXd6celO0.mp4
  OK   T_t85kQEDWk.mp4
  OK   GQ5jj_zH2uA.mp4
  OK   GK84GSUGUW4.mp4
  OK   U11z1PmtohU.mp4
  OK   dEZR0Mo_f6g.mp4
  OK   YaXPRqUwItQ.mp4
  OK   l83R5PblSMA.mp4
  OK   gsNoPYwWXeM.mp4


  OK   nmUof3vszxM.mp4
  OK   o1lqnMfVbdU.mp4
  OK   nhoikoUEI8U.mp4
  OK   e1UYgO67zkw.mp4
  OK   gcNh17Ckjgg.mp4
  OK   qkYbWex0XDQ.mp4
  OK   my0tLDaWyDU.mp4
  OK   xqvCmoLULNY.mp4
  OK   W73Mc0Gil9A.mp4
  OK   q1fCgfieNEs.mp4
  OK   SHgQeBk7zIs.mp4
  OK   otzWCWpuW-A.mp4
  OK   GuWxLb-iYlg.mp4
[squat] saved=30  failed=0
  OK   CTwwDnlX5Wk.mp4
  OK   1mXjWd29xC4.mp4
  OK   AaxnxakLgRQ.mp4
  OK   -J4P-XOEtFY.mp4
  OK   8d9kbkAuZGI.mp4
  OK   4Y2ZdHCOXok.mp4
  OK   5Y3VZsLb1Ys.mp4
  OK   JvOJdUtx6UQ.mp4
  OK   HnQGKxU3eds.mp4
  OK   OT_BWoofifY.mp4
  OK   jpcKJ9vECyY.mp4
  OK   bV1pF9XybWE.mp4
  OK   JizeVA3Ba3A.mp4
  OK   lWFknlOTbyM.mp4
  OK   4T9UQ4FBVXI.mp4
  OK   QsYre__-aro.mp4
  OK   SzcSrpVr0GA.mp4
  OK   so3sVhwlXtI.mp4
  OK   kjtTOlU3VbU.mp4
  OK   L7bqGMOxjDo.mp4
  OK   uX06a1T6JIk.mp4
  OK   qM3IE6yF-3E.mp4
  OK   ptpmRrzRtWQ.mp4
  OK   n8ZvLCNvHY8.mp4
  OK   rT7DgCr-3pg.mp4
  OK   xUm0BiZCWlQ.mp4
  OK   tYQ7DoGVORk.mp4
  OK   q9Cux6Ed20g.mp4
  OK   vthMCtgVtFw.mp4
  OK   w8cZRzZJNMw.mp4
[bench] saved=30  failed=0

  OK   GxsLrTzyGUU.mp4
  OK   TM1mpvglJq4.mp4
  OK   19ZeTrLZdyQ.mp4
  OK   CTBiC_tnjOc.mp4
  OK   Xnsqw9IgGjo.mp4
  OK   6SQxAvi67AY.mp4
  OK   _Qw8B3FTXlQ.mp4
  OK   ay0ygw3cgZs.mp4
  OK   _Jbl6ZpVGzI.mp4
  OK   GhzilBcMVas.mp4
  OK   cclUh49qOww.mp4
  OK   VL5Ab0T07e4.mp4
  OK   dBXnS-c5r0Q.mp4
  OK   MI397sr0Fhg.mp4
  OK   e2cbNBLH5SQ.mp4
  OK   hinonqqzatk.mp4
  OK   ChLmR-1UBMI.mp4
  OK   lFqZX4c6pr0.mp4
  OK   g2Xl1zJeArs.mp4
  OK   XxWcirHIwVo.mp4
  OK   iTMiURIWIZY.mp4
  OK   r4MzxtBKyNE.mp4
  OK   iI2Gke8ctAk.mp4
  OK   gcNh17Ckjgg.mp4
  OK   xcomIo8MWyc.mp4
  OK   rRoUhSKxVQk.mp4
  OK   pJ4O4KOD4Kw.mp4
  OK   vRKDvt695pg.mp4
  OK   k9D0gghenLE.mp4
  OK   hCDzSR6bW10.mp4
[deadlift] saved=30  failed=0
[mov,mp4,m4a,3gp,3g2,mj2 @ 0x55eb13757b80] stream 0, offset 0x10e8b: partial file
[mov,mp4,m4a,3gp,3g2,mj2 @ 0x55eb13757b80] stream 0, offset 0x11af2: partial file
  SKIP 47haESZnuiw.mp4 (low visibility)
  OK   03p2g6mYunk.mp4
  OK   2yjwXTZQDDI.mp4
  OK   CfCB-BSECbM.mp4
  OK   Did01dFR3Lk.mp4
  OK   3R14MnZbcpw.mp4
  OK   -mK2KnJ5bZQ.mp4
  OK   CTwwDnlX5Wk.mp4
  OK   FBfea6Zt7E4.mp4
  OK   KP1sYz2VICk.mp4
  OK   Wa0kt3d8J9M.mp4
  OK   P31P-saZeCM.mp4
  OK   8d9kbkAuZGI.mp4
  OK   JvOJdUtx6UQ.mp4
  SKIP fyzpDRPmsts.mp4 (low visibility)
  OK   4Y2ZdHCOXok.mp4
  OK   gQtraviXGuA.mp4
  OK   6gFrFzBnd30.mp4
  OK   kGooAJM3294.mp4
  OK   r8nZTMugzAc.mp4
  OK   JizeVA3Ba3A.mp4
  OK   rsrLWOzn_kw.mp4
  OK   oWpml1yr1lQ.mp4
  OK   CnBmiBqp-AI.mp4
  OK   _RlRDWO2jfg.mp4
  OK   rO_iEImwHyo.mp4
  OK   iJ0py9JQIZY.mp4
  OK   cM0DJHN5gXQ.mp4
  OK   o3MaCC-Ef98.mp4
  OK   tF8RCCsJ-pU.mp4
[ohp] saved=28  failed=2
Traceback (most recent call last):
  File "/usr/lib/python3.10/runpy.py", line 196, in _run_module_as_main
    return _run_code(code, main_globals, None,
  File "/usr/lib/python3.10/runpy.py", line 86, in _run_code
    exec(code, run_globals)
  File "/home/work/Bodyfit/src/data/preprocess.py", line 16, in <module>
    from body_feature import extract_body_feature
ModuleNotFoundError: No module named 'body_feature'
